Started GET "/" for 127.0.0.1 at 2019-02-07 14:41:13 -0800
  
ActionController::RoutingError (uninitialized constant ApartmentsController):
  
bootsnap (1.3.2) lib/bootsnap/load_path_cache/core_ext/active_support.rb:74:in `block in load_missing_constant'
bootsnap (1.3.2) lib/bootsnap/load_path_cache/core_ext/active_support.rb:8:in `without_bootsnap_cache'
bootsnap (1.3.2) lib/bootsnap/load_path_cache/core_ext/active_support.rb:74:in `rescue in load_missing_constant'
bootsnap (1.3.2) lib/bootsnap/load_path_cache/core_ext/active_support.rb:56:in `load_missing_constant'
activesupport (5.2.2) lib/active_support/inflector/methods.rb:283:in `const_get'
activesupport (5.2.2) lib/active_support/inflector/methods.rb:283:in `block in constantize'
activesupport (5.2.2) lib/active_support/inflector/methods.rb:281:in `each'
activesupport (5.2.2) lib/active_support/inflector/methods.rb:281:in `inject'
activesupport (5.2.2) lib/active_support/inflector/methods.rb:281:in `constantize'
actionpack (5.2.2) lib/action_dispatch/http/request.rb:88:in `controller_class_for'
actionpack (5.2.2) lib/action_dispatch/http/request.rb:81:in `controller_class'
actionpack (5.2.2) lib/action_dispatch/routing/route_set.rb:46:in `controller'
actionpack (5.2.2) lib/action_dispatch/routing/route_set.rb:32:in `serve'
actionpack (5.2.2) lib/action_dispatch/journey/router.rb:52:in `block in serve'
actionpack (5.2.2) lib/action_dispatch/journey/router.rb:35:in `each'
actionpack (5.2.2) lib/action_dispatch/journey/router.rb:35:in `serve'
actionpack (5.2.2) lib/action_dispatch/routing/route_set.rb:840:in `call'
rack (2.0.6) lib/rack/tempfile_reaper.rb:15:in `call'
rack (2.0.6) lib/rack/etag.rb:25:in `call'
rack (2.0.6) lib/rack/conditional_get.rb:25:in `call'
rack (2.0.6) lib/rack/head.rb:12:in `call'
actionpack (5.2.2) lib/action_dispatch/http/content_security_policy.rb:18:in `call'
rack (2.0.6) lib/rack/session/abstract/id.rb:232:in `context'
rack (2.0.6) lib/rack/session/abstract/id.rb:226:in `call'
actionpack (5.2.2) lib/action_dispatch/middleware/cookies.rb:670:in `call'
activerecord (5.2.2) lib/active_record/migration.rb:559:in `call'
actionpack (5.2.2) lib/action_dispatch/middleware/callbacks.rb:28:in `block in call'
activesupport (5.2.2) lib/active_support/callbacks.rb:98:in `run_callbacks'
actionpack (5.2.2) lib/action_dispatch/middleware/callbacks.rb:26:in `call'
actionpack (5.2.2) lib/action_dispatch/middleware/executor.rb:14:in `call'
actionpack (5.2.2) lib/action_dispatch/middleware/debug_exceptions.rb:61:in `call'
web-console (3.7.0) lib/web_console/middleware.rb:135:in `call_app'
web-console (3.7.0) lib/web_console/middleware.rb:30:in `block in call'
web-console (3.7.0) lib/web_console/middleware.rb:20:in `catch'
web-console (3.7.0) lib/web_console/middleware.rb:20:in `call'
actionpack (5.2.2) lib/action_dispatch/middleware/show_exceptions.rb:33:in `call'
railties (5.2.2) lib/rails/rack/logger.rb:38:in `call_app'
railties (5.2.2) lib/rails/rack/logger.rb:26:in `block in call'
activesupport (5.2.2) lib/active_support/tagged_logging.rb:71:in `block in tagged'
activesupport (5.2.2) lib/active_support/tagged_logging.rb:28:in `tagged'
activesupport (5.2.2) lib/active_support/tagged_logging.rb:71:in `tagged'
railties (5.2.2) lib/rails/rack/logger.rb:26:in `call'
sprockets-rails (3.2.1) lib/sprockets/rails/quiet_assets.rb:13:in `call'
actionpack (5.2.2) lib/action_dispatch/middleware/remote_ip.rb:81:in `call'
actionpack (5.2.2) lib/action_dispatch/middleware/request_id.rb:27:in `call'
rack (2.0.6) lib/rack/method_override.rb:22:in `call'
rack (2.0.6) lib/rack/runtime.rb:22:in `call'
activesupport (5.2.2) lib/active_support/cache/strategy/local_cache_middleware.rb:29:in `call'
actionpack (5.2.2) lib/action_dispatch/middleware/executor.rb:14:in `call'
actionpack (5.2.2) lib/action_dispatch/middleware/static.rb:127:in `call'
rack (2.0.6) lib/rack/sendfile.rb:111:in `call'
webpacker (3.5.5) lib/webpacker/dev_server_proxy.rb:22:in `perform_request'
rack-proxy (0.6.5) lib/rack/proxy.rb:57:in `call'
railties (5.2.2) lib/rails/engine.rb:524:in `call'
puma (3.12.0) lib/puma/configuration.rb:225:in `call'
puma (3.12.0) lib/puma/server.rb:658:in `handle_request'
puma (3.12.0) lib/puma/server.rb:472:in `process_client'
puma (3.12.0) lib/puma/server.rb:332:in `block in run'
puma (3.12.0) lib/puma/thread_pool.rb:133:in `block in spawn_thread'
Started GET "/protected" for 127.0.0.1 at 2019-02-07 14:41:21 -0800
Processing by PagesController#protected as HTML
Completed 500 Internal Server Error in 279ms (ActiveRecord: 0.0ms)


  
NoMethodError (undefined method `authenticate_user!' for #<PagesController:0x00007ffca83cc0d8>
Did you mean?  authenticate_with_http_digest):
  
activesupport (5.2.2) lib/active_support/callbacks.rb:426:in `block in make_lambda'
activesupport (5.2.2) lib/active_support/callbacks.rb:179:in `block (2 levels) in halting_and_conditional'
actionpack (5.2.2) lib/abstract_controller/callbacks.rb:34:in `block (2 levels) in <module:Callbacks>'
activesupport (5.2.2) lib/active_support/callbacks.rb:180:in `block in halting_and_conditional'
activesupport (5.2.2) lib/active_support/callbacks.rb:513:in `block in invoke_before'
activesupport (5.2.2) lib/active_support/callbacks.rb:513:in `each'
activesupport (5.2.2) lib/active_support/callbacks.rb:513:in `invoke_before'
activesupport (5.2.2) lib/active_support/callbacks.rb:107:in `block in run_callbacks'
react-rails (2.4.7) lib/react/rails/controller_lifecycle.rb:31:in `use_react_component_helper'
activesupport (5.2.2) lib/active_support/callbacks.rb:118:in `block in run_callbacks'
activesupport (5.2.2) lib/active_support/callbacks.rb:136:in `run_callbacks'
actionpack (5.2.2) lib/abstract_controller/callbacks.rb:41:in `process_action'
actionpack (5.2.2) lib/action_controller/metal/rescue.rb:22:in `process_action'
actionpack (5.2.2) lib/action_controller/metal/instrumentation.rb:34:in `block in process_action'
activesupport (5.2.2) lib/active_support/notifications.rb:168:in `block in instrument'
activesupport (5.2.2) lib/active_support/notifications/instrumenter.rb:23:in `instrument'
activesupport (5.2.2) lib/active_support/notifications.rb:168:in `instrument'
actionpack (5.2.2) lib/action_controller/metal/instrumentation.rb:32:in `process_action'
actionpack (5.2.2) lib/action_controller/metal/params_wrapper.rb:256:in `process_action'
activerecord (5.2.2) lib/active_record/railties/controller_runtime.rb:24:in `process_action'
actionpack (5.2.2) lib/abstract_controller/base.rb:134:in `process'
actionview (5.2.2) lib/action_view/rendering.rb:32:in `process'
actionpack (5.2.2) lib/action_controller/metal.rb:191:in `dispatch'
actionpack (5.2.2) lib/action_controller/metal.rb:252:in `dispatch'
actionpack (5.2.2) lib/action_dispatch/routing/route_set.rb:52:in `dispatch'
actionpack (5.2.2) lib/action_dispatch/routing/route_set.rb:34:in `serve'
actionpack (5.2.2) lib/action_dispatch/journey/router.rb:52:in `block in serve'
actionpack (5.2.2) lib/action_dispatch/journey/router.rb:35:in `each'
actionpack (5.2.2) lib/action_dispatch/journey/router.rb:35:in `serve'
actionpack (5.2.2) lib/action_dispatch/routing/route_set.rb:840:in `call'
rack (2.0.6) lib/rack/tempfile_reaper.rb:15:in `call'
rack (2.0.6) lib/rack/etag.rb:25:in `call'
rack (2.0.6) lib/rack/conditional_get.rb:25:in `call'
rack (2.0.6) lib/rack/head.rb:12:in `call'
actionpack (5.2.2) lib/action_dispatch/http/content_security_policy.rb:18:in `call'
rack (2.0.6) lib/rack/session/abstract/id.rb:232:in `context'
rack (2.0.6) lib/rack/session/abstract/id.rb:226:in `call'
actionpack (5.2.2) lib/action_dispatch/middleware/cookies.rb:670:in `call'
activerecord (5.2.2) lib/active_record/migration.rb:559:in `call'
actionpack (5.2.2) lib/action_dispatch/middleware/callbacks.rb:28:in `block in call'
activesupport (5.2.2) lib/active_support/callbacks.rb:98:in `run_callbacks'
actionpack (5.2.2) lib/action_dispatch/middleware/callbacks.rb:26:in `call'
actionpack (5.2.2) lib/action_dispatch/middleware/executor.rb:14:in `call'
actionpack (5.2.2) lib/action_dispatch/middleware/debug_exceptions.rb:61:in `call'
web-console (3.7.0) lib/web_console/middleware.rb:135:in `call_app'
web-console (3.7.0) lib/web_console/middleware.rb:30:in `block in call'
web-console (3.7.0) lib/web_console/middleware.rb:20:in `catch'
web-console (3.7.0) lib/web_console/middleware.rb:20:in `call'
actionpack (5.2.2) lib/action_dispatch/middleware/show_exceptions.rb:33:in `call'
railties (5.2.2) lib/rails/rack/logger.rb:38:in `call_app'
railties (5.2.2) lib/rails/rack/logger.rb:26:in `block in call'
activesupport (5.2.2) lib/active_support/tagged_logging.rb:71:in `block in tagged'
activesupport (5.2.2) lib/active_support/tagged_logging.rb:28:in `tagged'
activesupport (5.2.2) lib/active_support/tagged_logging.rb:71:in `tagged'
railties (5.2.2) lib/rails/rack/logger.rb:26:in `call'
sprockets-rails (3.2.1) lib/sprockets/rails/quiet_assets.rb:13:in `call'
actionpack (5.2.2) lib/action_dispatch/middleware/remote_ip.rb:81:in `call'
actionpack (5.2.2) lib/action_dispatch/middleware/request_id.rb:27:in `call'
rack (2.0.6) lib/rack/method_override.rb:22:in `call'
rack (2.0.6) lib/rack/runtime.rb:22:in `call'
activesupport (5.2.2) lib/active_support/cache/strategy/local_cache_middleware.rb:29:in `call'
actionpack (5.2.2) lib/action_dispatch/middleware/executor.rb:14:in `call'
actionpack (5.2.2) lib/action_dispatch/middleware/static.rb:127:in `call'
rack (2.0.6) lib/rack/sendfile.rb:111:in `call'
webpacker (3.5.5) lib/webpacker/dev_server_proxy.rb:22:in `perform_request'
rack-proxy (0.6.5) lib/rack/proxy.rb:57:in `call'
railties (5.2.2) lib/rails/engine.rb:524:in `call'
puma (3.12.0) lib/puma/configuration.rb:225:in `call'
puma (3.12.0) lib/puma/server.rb:658:in `handle_request'
puma (3.12.0) lib/puma/server.rb:472:in `process_client'
puma (3.12.0) lib/puma/server.rb:332:in `block in run'
puma (3.12.0) lib/puma/thread_pool.rb:133:in `block in spawn_thread'
Started GET "/" for 127.0.0.1 at 2019-02-07 14:41:36 -0800
  
ActionController::RoutingError (uninitialized constant ApartmentsController):
  
bootsnap (1.3.2) lib/bootsnap/load_path_cache/core_ext/active_support.rb:74:in `block in load_missing_constant'
bootsnap (1.3.2) lib/bootsnap/load_path_cache/core_ext/active_support.rb:8:in `without_bootsnap_cache'
bootsnap (1.3.2) lib/bootsnap/load_path_cache/core_ext/active_support.rb:74:in `rescue in load_missing_constant'
bootsnap (1.3.2) lib/bootsnap/load_path_cache/core_ext/active_support.rb:56:in `load_missing_constant'
activesupport (5.2.2) lib/active_support/inflector/methods.rb:283:in `const_get'
activesupport (5.2.2) lib/active_support/inflector/methods.rb:283:in `block in constantize'
activesupport (5.2.2) lib/active_support/inflector/methods.rb:281:in `each'
activesupport (5.2.2) lib/active_support/inflector/methods.rb:281:in `inject'
activesupport (5.2.2) lib/active_support/inflector/methods.rb:281:in `constantize'
actionpack (5.2.2) lib/action_dispatch/http/request.rb:88:in `controller_class_for'
actionpack (5.2.2) lib/action_dispatch/http/request.rb:81:in `controller_class'
actionpack (5.2.2) lib/action_dispatch/routing/route_set.rb:46:in `controller'
actionpack (5.2.2) lib/action_dispatch/routing/route_set.rb:32:in `serve'
actionpack (5.2.2) lib/action_dispatch/journey/router.rb:52:in `block in serve'
actionpack (5.2.2) lib/action_dispatch/journey/router.rb:35:in `each'
actionpack (5.2.2) lib/action_dispatch/journey/router.rb:35:in `serve'
actionpack (5.2.2) lib/action_dispatch/routing/route_set.rb:840:in `call'
rack (2.0.6) lib/rack/tempfile_reaper.rb:15:in `call'
rack (2.0.6) lib/rack/etag.rb:25:in `call'
rack (2.0.6) lib/rack/conditional_get.rb:25:in `call'
rack (2.0.6) lib/rack/head.rb:12:in `call'
actionpack (5.2.2) lib/action_dispatch/http/content_security_policy.rb:18:in `call'
rack (2.0.6) lib/rack/session/abstract/id.rb:232:in `context'
rack (2.0.6) lib/rack/session/abstract/id.rb:226:in `call'
actionpack (5.2.2) lib/action_dispatch/middleware/cookies.rb:670:in `call'
activerecord (5.2.2) lib/active_record/migration.rb:559:in `call'
actionpack (5.2.2) lib/action_dispatch/middleware/callbacks.rb:28:in `block in call'
activesupport (5.2.2) lib/active_support/callbacks.rb:98:in `run_callbacks'
actionpack (5.2.2) lib/action_dispatch/middleware/callbacks.rb:26:in `call'
actionpack (5.2.2) lib/action_dispatch/middleware/executor.rb:14:in `call'
actionpack (5.2.2) lib/action_dispatch/middleware/debug_exceptions.rb:61:in `call'
web-console (3.7.0) lib/web_console/middleware.rb:135:in `call_app'
web-console (3.7.0) lib/web_console/middleware.rb:30:in `block in call'
web-console (3.7.0) lib/web_console/middleware.rb:20:in `catch'
web-console (3.7.0) lib/web_console/middleware.rb:20:in `call'
actionpack (5.2.2) lib/action_dispatch/middleware/show_exceptions.rb:33:in `call'
railties (5.2.2) lib/rails/rack/logger.rb:38:in `call_app'
railties (5.2.2) lib/rails/rack/logger.rb:26:in `block in call'
activesupport (5.2.2) lib/active_support/tagged_logging.rb:71:in `block in tagged'
activesupport (5.2.2) lib/active_support/tagged_logging.rb:28:in `tagged'
activesupport (5.2.2) lib/active_support/tagged_logging.rb:71:in `tagged'
railties (5.2.2) lib/rails/rack/logger.rb:26:in `call'
sprockets-rails (3.2.1) lib/sprockets/rails/quiet_assets.rb:13:in `call'
actionpack (5.2.2) lib/action_dispatch/middleware/remote_ip.rb:81:in `call'
actionpack (5.2.2) lib/action_dispatch/middleware/request_id.rb:27:in `call'
rack (2.0.6) lib/rack/method_override.rb:22:in `call'
rack (2.0.6) lib/rack/runtime.rb:22:in `call'
activesupport (5.2.2) lib/active_support/cache/strategy/local_cache_middleware.rb:29:in `call'
actionpack (5.2.2) lib/action_dispatch/middleware/executor.rb:14:in `call'
actionpack (5.2.2) lib/action_dispatch/middleware/static.rb:127:in `call'
rack (2.0.6) lib/rack/sendfile.rb:111:in `call'
webpacker (3.5.5) lib/webpacker/dev_server_proxy.rb:22:in `perform_request'
rack-proxy (0.6.5) lib/rack/proxy.rb:57:in `call'
railties (5.2.2) lib/rails/engine.rb:524:in `call'
puma (3.12.0) lib/puma/configuration.rb:225:in `call'
puma (3.12.0) lib/puma/server.rb:658:in `handle_request'
puma (3.12.0) lib/puma/server.rb:472:in `process_client'
puma (3.12.0) lib/puma/server.rb:332:in `block in run'
puma (3.12.0) lib/puma/thread_pool.rb:133:in `block in spawn_thread'
Started GET "/" for 127.0.0.1 at 2019-02-07 14:51:59 -0800
  
ActionController::RoutingError (uninitialized constant ApartmentsController):
  
bootsnap (1.3.2) lib/bootsnap/load_path_cache/core_ext/active_support.rb:74:in `block in load_missing_constant'
bootsnap (1.3.2) lib/bootsnap/load_path_cache/core_ext/active_support.rb:8:in `without_bootsnap_cache'
bootsnap (1.3.2) lib/bootsnap/load_path_cache/core_ext/active_support.rb:74:in `rescue in load_missing_constant'
bootsnap (1.3.2) lib/bootsnap/load_path_cache/core_ext/active_support.rb:56:in `load_missing_constant'
activesupport (5.2.2) lib/active_support/inflector/methods.rb:283:in `const_get'
activesupport (5.2.2) lib/active_support/inflector/methods.rb:283:in `block in constantize'
activesupport (5.2.2) lib/active_support/inflector/methods.rb:281:in `each'
activesupport (5.2.2) lib/active_support/inflector/methods.rb:281:in `inject'
activesupport (5.2.2) lib/active_support/inflector/methods.rb:281:in `constantize'
actionpack (5.2.2) lib/action_dispatch/http/request.rb:88:in `controller_class_for'
actionpack (5.2.2) lib/action_dispatch/http/request.rb:81:in `controller_class'
actionpack (5.2.2) lib/action_dispatch/routing/route_set.rb:46:in `controller'
actionpack (5.2.2) lib/action_dispatch/routing/route_set.rb:32:in `serve'
actionpack (5.2.2) lib/action_dispatch/journey/router.rb:52:in `block in serve'
actionpack (5.2.2) lib/action_dispatch/journey/router.rb:35:in `each'
actionpack (5.2.2) lib/action_dispatch/journey/router.rb:35:in `serve'
actionpack (5.2.2) lib/action_dispatch/routing/route_set.rb:840:in `call'
rack (2.0.6) lib/rack/tempfile_reaper.rb:15:in `call'
rack (2.0.6) lib/rack/etag.rb:25:in `call'
rack (2.0.6) lib/rack/conditional_get.rb:25:in `call'
rack (2.0.6) lib/rack/head.rb:12:in `call'
actionpack (5.2.2) lib/action_dispatch/http/content_security_policy.rb:18:in `call'
rack (2.0.6) lib/rack/session/abstract/id.rb:232:in `context'
rack (2.0.6) lib/rack/session/abstract/id.rb:226:in `call'
actionpack (5.2.2) lib/action_dispatch/middleware/cookies.rb:670:in `call'
activerecord (5.2.2) lib/active_record/migration.rb:559:in `call'
actionpack (5.2.2) lib/action_dispatch/middleware/callbacks.rb:28:in `block in call'
activesupport (5.2.2) lib/active_support/callbacks.rb:98:in `run_callbacks'
actionpack (5.2.2) lib/action_dispatch/middleware/callbacks.rb:26:in `call'
actionpack (5.2.2) lib/action_dispatch/middleware/executor.rb:14:in `call'
actionpack (5.2.2) lib/action_dispatch/middleware/debug_exceptions.rb:61:in `call'
web-console (3.7.0) lib/web_console/middleware.rb:135:in `call_app'
web-console (3.7.0) lib/web_console/middleware.rb:30:in `block in call'
web-console (3.7.0) lib/web_console/middleware.rb:20:in `catch'
web-console (3.7.0) lib/web_console/middleware.rb:20:in `call'
actionpack (5.2.2) lib/action_dispatch/middleware/show_exceptions.rb:33:in `call'
railties (5.2.2) lib/rails/rack/logger.rb:38:in `call_app'
railties (5.2.2) lib/rails/rack/logger.rb:26:in `block in call'
activesupport (5.2.2) lib/active_support/tagged_logging.rb:71:in `block in tagged'
activesupport (5.2.2) lib/active_support/tagged_logging.rb:28:in `tagged'
activesupport (5.2.2) lib/active_support/tagged_logging.rb:71:in `tagged'
railties (5.2.2) lib/rails/rack/logger.rb:26:in `call'
sprockets-rails (3.2.1) lib/sprockets/rails/quiet_assets.rb:13:in `call'
actionpack (5.2.2) lib/action_dispatch/middleware/remote_ip.rb:81:in `call'
actionpack (5.2.2) lib/action_dispatch/middleware/request_id.rb:27:in `call'
rack (2.0.6) lib/rack/method_override.rb:22:in `call'
rack (2.0.6) lib/rack/runtime.rb:22:in `call'
activesupport (5.2.2) lib/active_support/cache/strategy/local_cache_middleware.rb:29:in `call'
actionpack (5.2.2) lib/action_dispatch/middleware/executor.rb:14:in `call'
actionpack (5.2.2) lib/action_dispatch/middleware/static.rb:127:in `call'
rack (2.0.6) lib/rack/sendfile.rb:111:in `call'
webpacker (3.5.5) lib/webpacker/dev_server_proxy.rb:22:in `perform_request'
rack-proxy (0.6.5) lib/rack/proxy.rb:57:in `call'
railties (5.2.2) lib/rails/engine.rb:524:in `call'
puma (3.12.0) lib/puma/configuration.rb:225:in `call'
puma (3.12.0) lib/puma/server.rb:658:in `handle_request'
puma (3.12.0) lib/puma/server.rb:472:in `process_client'
puma (3.12.0) lib/puma/server.rb:332:in `block in run'
puma (3.12.0) lib/puma/thread_pool.rb:133:in `block in spawn_thread'
Started GET "/protected" for 127.0.0.1 at 2019-02-07 14:52:07 -0800
Processing by PagesController#protected as HTML
Completed 500 Internal Server Error in 233ms (ActiveRecord: 0.0ms)


  
NoMethodError (undefined method `authenticate_user!' for #<PagesController:0x00007ffca95b78d8>
Did you mean?  authenticate_with_http_digest):
  
activesupport (5.2.2) lib/active_support/callbacks.rb:426:in `block in make_lambda'
activesupport (5.2.2) lib/active_support/callbacks.rb:179:in `block (2 levels) in halting_and_conditional'
actionpack (5.2.2) lib/abstract_controller/callbacks.rb:34:in `block (2 levels) in <module:Callbacks>'
activesupport (5.2.2) lib/active_support/callbacks.rb:180:in `block in halting_and_conditional'
activesupport (5.2.2) lib/active_support/callbacks.rb:513:in `block in invoke_before'
activesupport (5.2.2) lib/active_support/callbacks.rb:513:in `each'
activesupport (5.2.2) lib/active_support/callbacks.rb:513:in `invoke_before'
activesupport (5.2.2) lib/active_support/callbacks.rb:107:in `block in run_callbacks'
react-rails (2.4.7) lib/react/rails/controller_lifecycle.rb:31:in `use_react_component_helper'
activesupport (5.2.2) lib/active_support/callbacks.rb:118:in `block in run_callbacks'
activesupport (5.2.2) lib/active_support/callbacks.rb:136:in `run_callbacks'
actionpack (5.2.2) lib/abstract_controller/callbacks.rb:41:in `process_action'
actionpack (5.2.2) lib/action_controller/metal/rescue.rb:22:in `process_action'
actionpack (5.2.2) lib/action_controller/metal/instrumentation.rb:34:in `block in process_action'
activesupport (5.2.2) lib/active_support/notifications.rb:168:in `block in instrument'
activesupport (5.2.2) lib/active_support/notifications/instrumenter.rb:23:in `instrument'
activesupport (5.2.2) lib/active_support/notifications.rb:168:in `instrument'
actionpack (5.2.2) lib/action_controller/metal/instrumentation.rb:32:in `process_action'
actionpack (5.2.2) lib/action_controller/metal/params_wrapper.rb:256:in `process_action'
activerecord (5.2.2) lib/active_record/railties/controller_runtime.rb:24:in `process_action'
actionpack (5.2.2) lib/abstract_controller/base.rb:134:in `process'
actionview (5.2.2) lib/action_view/rendering.rb:32:in `process'
actionpack (5.2.2) lib/action_controller/metal.rb:191:in `dispatch'
actionpack (5.2.2) lib/action_controller/metal.rb:252:in `dispatch'
actionpack (5.2.2) lib/action_dispatch/routing/route_set.rb:52:in `dispatch'
actionpack (5.2.2) lib/action_dispatch/routing/route_set.rb:34:in `serve'
actionpack (5.2.2) lib/action_dispatch/journey/router.rb:52:in `block in serve'
actionpack (5.2.2) lib/action_dispatch/journey/router.rb:35:in `each'
actionpack (5.2.2) lib/action_dispatch/journey/router.rb:35:in `serve'
actionpack (5.2.2) lib/action_dispatch/routing/route_set.rb:840:in `call'
rack (2.0.6) lib/rack/tempfile_reaper.rb:15:in `call'
rack (2.0.6) lib/rack/etag.rb:25:in `call'
rack (2.0.6) lib/rack/conditional_get.rb:25:in `call'
rack (2.0.6) lib/rack/head.rb:12:in `call'
actionpack (5.2.2) lib/action_dispatch/http/content_security_policy.rb:18:in `call'
rack (2.0.6) lib/rack/session/abstract/id.rb:232:in `context'
rack (2.0.6) lib/rack/session/abstract/id.rb:226:in `call'
actionpack (5.2.2) lib/action_dispatch/middleware/cookies.rb:670:in `call'
activerecord (5.2.2) lib/active_record/migration.rb:559:in `call'
actionpack (5.2.2) lib/action_dispatch/middleware/callbacks.rb:28:in `block in call'
activesupport (5.2.2) lib/active_support/callbacks.rb:98:in `run_callbacks'
actionpack (5.2.2) lib/action_dispatch/middleware/callbacks.rb:26:in `call'
actionpack (5.2.2) lib/action_dispatch/middleware/executor.rb:14:in `call'
actionpack (5.2.2) lib/action_dispatch/middleware/debug_exceptions.rb:61:in `call'
web-console (3.7.0) lib/web_console/middleware.rb:135:in `call_app'
web-console (3.7.0) lib/web_console/middleware.rb:30:in `block in call'
web-console (3.7.0) lib/web_console/middleware.rb:20:in `catch'
web-console (3.7.0) lib/web_console/middleware.rb:20:in `call'
actionpack (5.2.2) lib/action_dispatch/middleware/show_exceptions.rb:33:in `call'
railties (5.2.2) lib/rails/rack/logger.rb:38:in `call_app'
railties (5.2.2) lib/rails/rack/logger.rb:26:in `block in call'
activesupport (5.2.2) lib/active_support/tagged_logging.rb:71:in `block in tagged'
activesupport (5.2.2) lib/active_support/tagged_logging.rb:28:in `tagged'
activesupport (5.2.2) lib/active_support/tagged_logging.rb:71:in `tagged'
railties (5.2.2) lib/rails/rack/logger.rb:26:in `call'
sprockets-rails (3.2.1) lib/sprockets/rails/quiet_assets.rb:13:in `call'
actionpack (5.2.2) lib/action_dispatch/middleware/remote_ip.rb:81:in `call'
actionpack (5.2.2) lib/action_dispatch/middleware/request_id.rb:27:in `call'
rack (2.0.6) lib/rack/method_override.rb:22:in `call'
rack (2.0.6) lib/rack/runtime.rb:22:in `call'
activesupport (5.2.2) lib/active_support/cache/strategy/local_cache_middleware.rb:29:in `call'
actionpack (5.2.2) lib/action_dispatch/middleware/executor.rb:14:in `call'
actionpack (5.2.2) lib/action_dispatch/middleware/static.rb:127:in `call'
rack (2.0.6) lib/rack/sendfile.rb:111:in `call'
webpacker (3.5.5) lib/webpacker/dev_server_proxy.rb:22:in `perform_request'
rack-proxy (0.6.5) lib/rack/proxy.rb:57:in `call'
railties (5.2.2) lib/rails/engine.rb:524:in `call'
puma (3.12.0) lib/puma/configuration.rb:225:in `call'
puma (3.12.0) lib/puma/server.rb:658:in `handle_request'
puma (3.12.0) lib/puma/server.rb:472:in `process_client'
puma (3.12.0) lib/puma/server.rb:332:in `block in run'
puma (3.12.0) lib/puma/thread_pool.rb:133:in `block in spawn_thread'
Started GET "/protected" for 127.0.0.1 at 2019-02-07 14:53:38 -0800
Processing by PagesController#protected as HTML
  Rendering pages/protected.html.erb within layouts/application
  Rendered pages/protected.html.erb within layouts/application (3.2ms)
[Webpacker] Compiling…
[Webpacker] Compiled all packs in /Users/Ream/Desktop/apartment-app-goonies/apartment-app/public/packs
Completed 200 OK in 13056ms (Views: 13046.2ms | ActiveRecord: 0.0ms)


Started GET "/unprotected" for 127.0.0.1 at 2019-02-07 14:54:01 -0800
Processing by PagesController#unprotected as HTML
  Rendering pages/unprotected.html.erb within layouts/application
  Rendered pages/unprotected.html.erb within layouts/application (1.5ms)
Completed 200 OK in 74ms (Views: 66.9ms | ActiveRecord: 0.0ms)


Started GET "/protected" for 127.0.0.1 at 2019-02-07 15:03:58 -0800
  
NoMethodError (undefined method `devise_for' for #<ActionDispatch::Routing::Mapper:0x00007ffcb0e12490>):
  
config/routes.rb:3:in `block in <main>'
config/routes.rb:1:in `<main>'
Started GET "/unprotected" for 127.0.0.1 at 2019-02-07 15:04:10 -0800
  
ActiveRecord::PendingMigrationError (

Migrations are pending. To resolve this issue, run:

        bin/rails db:migrate RAILS_ENV=development

):
  
activerecord (5.2.2) lib/active_record/migration.rb:579:in `check_pending!'
activerecord (5.2.2) lib/active_record/migration.rb:556:in `call'
actionpack (5.2.2) lib/action_dispatch/middleware/callbacks.rb:28:in `block in call'
activesupport (5.2.2) lib/active_support/callbacks.rb:98:in `run_callbacks'
actionpack (5.2.2) lib/action_dispatch/middleware/callbacks.rb:26:in `call'
actionpack (5.2.2) lib/action_dispatch/middleware/executor.rb:14:in `call'
actionpack (5.2.2) lib/action_dispatch/middleware/debug_exceptions.rb:61:in `call'
web-console (3.7.0) lib/web_console/middleware.rb:135:in `call_app'
web-console (3.7.0) lib/web_console/middleware.rb:30:in `block in call'
web-console (3.7.0) lib/web_console/middleware.rb:20:in `catch'
web-console (3.7.0) lib/web_console/middleware.rb:20:in `call'
actionpack (5.2.2) lib/action_dispatch/middleware/show_exceptions.rb:33:in `call'
railties (5.2.2) lib/rails/rack/logger.rb:38:in `call_app'
railties (5.2.2) lib/rails/rack/logger.rb:26:in `block in call'
activesupport (5.2.2) lib/active_support/tagged_logging.rb:71:in `block in tagged'
activesupport (5.2.2) lib/active_support/tagged_logging.rb:28:in `tagged'
activesupport (5.2.2) lib/active_support/tagged_logging.rb:71:in `tagged'
railties (5.2.2) lib/rails/rack/logger.rb:26:in `call'
sprockets-rails (3.2.1) lib/sprockets/rails/quiet_assets.rb:13:in `call'
actionpack (5.2.2) lib/action_dispatch/middleware/remote_ip.rb:81:in `call'
actionpack (5.2.2) lib/action_dispatch/middleware/request_id.rb:27:in `call'
rack (2.0.6) lib/rack/method_override.rb:22:in `call'
rack (2.0.6) lib/rack/runtime.rb:22:in `call'
activesupport (5.2.2) lib/active_support/cache/strategy/local_cache_middleware.rb:29:in `call'
actionpack (5.2.2) lib/action_dispatch/middleware/executor.rb:14:in `call'
actionpack (5.2.2) lib/action_dispatch/middleware/static.rb:127:in `call'
rack (2.0.6) lib/rack/sendfile.rb:111:in `call'
webpacker (3.5.5) lib/webpacker/dev_server_proxy.rb:22:in `perform_request'
rack-proxy (0.6.5) lib/rack/proxy.rb:57:in `call'
railties (5.2.2) lib/rails/engine.rb:524:in `call'
puma (3.12.0) lib/puma/configuration.rb:225:in `call'
puma (3.12.0) lib/puma/server.rb:658:in `handle_request'
puma (3.12.0) lib/puma/server.rb:472:in `process_client'
puma (3.12.0) lib/puma/server.rb:332:in `block in run'
puma (3.12.0) lib/puma/thread_pool.rb:133:in `block in spawn_thread'
Started GET "/unprotected" for 127.0.0.1 at 2019-02-07 15:04:45 -0800
  
NoMethodError (undefined method `devise_for' for #<ActionDispatch::Routing::Mapper:0x00007ffcafa4af20>):
  
config/routes.rb:3:in `block in <main>'
config/routes.rb:1:in `<main>'
Started GET "/protected" for 127.0.0.1 at 2019-02-07 15:04:55 -0800
  
ActiveRecord::PendingMigrationError (

Migrations are pending. To resolve this issue, run:

        bin/rails db:migrate RAILS_ENV=development

):
  
activerecord (5.2.2) lib/active_record/migration.rb:579:in `check_pending!'
activerecord (5.2.2) lib/active_record/migration.rb:556:in `call'
actionpack (5.2.2) lib/action_dispatch/middleware/callbacks.rb:28:in `block in call'
activesupport (5.2.2) lib/active_support/callbacks.rb:98:in `run_callbacks'
actionpack (5.2.2) lib/action_dispatch/middleware/callbacks.rb:26:in `call'
actionpack (5.2.2) lib/action_dispatch/middleware/executor.rb:14:in `call'
actionpack (5.2.2) lib/action_dispatch/middleware/debug_exceptions.rb:61:in `call'
web-console (3.7.0) lib/web_console/middleware.rb:135:in `call_app'
web-console (3.7.0) lib/web_console/middleware.rb:30:in `block in call'
web-console (3.7.0) lib/web_console/middleware.rb:20:in `catch'
web-console (3.7.0) lib/web_console/middleware.rb:20:in `call'
actionpack (5.2.2) lib/action_dispatch/middleware/show_exceptions.rb:33:in `call'
railties (5.2.2) lib/rails/rack/logger.rb:38:in `call_app'
railties (5.2.2) lib/rails/rack/logger.rb:26:in `block in call'
activesupport (5.2.2) lib/active_support/tagged_logging.rb:71:in `block in tagged'
activesupport (5.2.2) lib/active_support/tagged_logging.rb:28:in `tagged'
activesupport (5.2.2) lib/active_support/tagged_logging.rb:71:in `tagged'
railties (5.2.2) lib/rails/rack/logger.rb:26:in `call'
sprockets-rails (3.2.1) lib/sprockets/rails/quiet_assets.rb:13:in `call'
actionpack (5.2.2) lib/action_dispatch/middleware/remote_ip.rb:81:in `call'
actionpack (5.2.2) lib/action_dispatch/middleware/request_id.rb:27:in `call'
rack (2.0.6) lib/rack/method_override.rb:22:in `call'
rack (2.0.6) lib/rack/runtime.rb:22:in `call'
activesupport (5.2.2) lib/active_support/cache/strategy/local_cache_middleware.rb:29:in `call'
actionpack (5.2.2) lib/action_dispatch/middleware/executor.rb:14:in `call'
actionpack (5.2.2) lib/action_dispatch/middleware/static.rb:127:in `call'
rack (2.0.6) lib/rack/sendfile.rb:111:in `call'
webpacker (3.5.5) lib/webpacker/dev_server_proxy.rb:22:in `perform_request'
rack-proxy (0.6.5) lib/rack/proxy.rb:57:in `call'
railties (5.2.2) lib/rails/engine.rb:524:in `call'
puma (3.12.0) lib/puma/configuration.rb:225:in `call'
puma (3.12.0) lib/puma/server.rb:658:in `handle_request'
puma (3.12.0) lib/puma/server.rb:472:in `process_client'
puma (3.12.0) lib/puma/server.rb:332:in `block in run'
puma (3.12.0) lib/puma/thread_pool.rb:133:in `block in spawn_thread'
Started GET "/protected" for 127.0.0.1 at 2019-02-07 15:05:18 -0800
  
NoMethodError (undefined method `devise_for' for #<ActionDispatch::Routing::Mapper:0x00007ffcade8e688>):
  
config/routes.rb:3:in `block in <main>'
config/routes.rb:1:in `<main>'
Started GET "/unprotected" for 127.0.0.1 at 2019-02-07 15:05:28 -0800
  
ActiveRecord::PendingMigrationError (

Migrations are pending. To resolve this issue, run:

        bin/rails db:migrate RAILS_ENV=development

):
  
activerecord (5.2.2) lib/active_record/migration.rb:579:in `check_pending!'
activerecord (5.2.2) lib/active_record/migration.rb:556:in `call'
actionpack (5.2.2) lib/action_dispatch/middleware/callbacks.rb:28:in `block in call'
activesupport (5.2.2) lib/active_support/callbacks.rb:98:in `run_callbacks'
actionpack (5.2.2) lib/action_dispatch/middleware/callbacks.rb:26:in `call'
actionpack (5.2.2) lib/action_dispatch/middleware/executor.rb:14:in `call'
actionpack (5.2.2) lib/action_dispatch/middleware/debug_exceptions.rb:61:in `call'
web-console (3.7.0) lib/web_console/middleware.rb:135:in `call_app'
web-console (3.7.0) lib/web_console/middleware.rb:30:in `block in call'
web-console (3.7.0) lib/web_console/middleware.rb:20:in `catch'
web-console (3.7.0) lib/web_console/middleware.rb:20:in `call'
actionpack (5.2.2) lib/action_dispatch/middleware/show_exceptions.rb:33:in `call'
railties (5.2.2) lib/rails/rack/logger.rb:38:in `call_app'
railties (5.2.2) lib/rails/rack/logger.rb:26:in `block in call'
activesupport (5.2.2) lib/active_support/tagged_logging.rb:71:in `block in tagged'
activesupport (5.2.2) lib/active_support/tagged_logging.rb:28:in `tagged'
activesupport (5.2.2) lib/active_support/tagged_logging.rb:71:in `tagged'
railties (5.2.2) lib/rails/rack/logger.rb:26:in `call'
sprockets-rails (3.2.1) lib/sprockets/rails/quiet_assets.rb:13:in `call'
actionpack (5.2.2) lib/action_dispatch/middleware/remote_ip.rb:81:in `call'
actionpack (5.2.2) lib/action_dispatch/middleware/request_id.rb:27:in `call'
rack (2.0.6) lib/rack/method_override.rb:22:in `call'
rack (2.0.6) lib/rack/runtime.rb:22:in `call'
activesupport (5.2.2) lib/active_support/cache/strategy/local_cache_middleware.rb:29:in `call'
actionpack (5.2.2) lib/action_dispatch/middleware/executor.rb:14:in `call'
actionpack (5.2.2) lib/action_dispatch/middleware/static.rb:127:in `call'
rack (2.0.6) lib/rack/sendfile.rb:111:in `call'
webpacker (3.5.5) lib/webpacker/dev_server_proxy.rb:22:in `perform_request'
rack-proxy (0.6.5) lib/rack/proxy.rb:57:in `call'
railties (5.2.2) lib/rails/engine.rb:524:in `call'
puma (3.12.0) lib/puma/configuration.rb:225:in `call'
puma (3.12.0) lib/puma/server.rb:658:in `handle_request'
puma (3.12.0) lib/puma/server.rb:472:in `process_client'
puma (3.12.0) lib/puma/server.rb:332:in `block in run'
puma (3.12.0) lib/puma/thread_pool.rb:133:in `block in spawn_thread'
Started GET "/protected" for 127.0.0.1 at 2019-02-07 15:05:38 -0800
  
ActiveRecord::PendingMigrationError (

Migrations are pending. To resolve this issue, run:

        bin/rails db:migrate RAILS_ENV=development

):
  
activerecord (5.2.2) lib/active_record/migration.rb:579:in `check_pending!'
activerecord (5.2.2) lib/active_record/migration.rb:556:in `call'
actionpack (5.2.2) lib/action_dispatch/middleware/callbacks.rb:28:in `block in call'
activesupport (5.2.2) lib/active_support/callbacks.rb:98:in `run_callbacks'
actionpack (5.2.2) lib/action_dispatch/middleware/callbacks.rb:26:in `call'
actionpack (5.2.2) lib/action_dispatch/middleware/executor.rb:14:in `call'
actionpack (5.2.2) lib/action_dispatch/middleware/debug_exceptions.rb:61:in `call'
web-console (3.7.0) lib/web_console/middleware.rb:135:in `call_app'
web-console (3.7.0) lib/web_console/middleware.rb:30:in `block in call'
web-console (3.7.0) lib/web_console/middleware.rb:20:in `catch'
web-console (3.7.0) lib/web_console/middleware.rb:20:in `call'
actionpack (5.2.2) lib/action_dispatch/middleware/show_exceptions.rb:33:in `call'
railties (5.2.2) lib/rails/rack/logger.rb:38:in `call_app'
railties (5.2.2) lib/rails/rack/logger.rb:26:in `block in call'
activesupport (5.2.2) lib/active_support/tagged_logging.rb:71:in `block in tagged'
activesupport (5.2.2) lib/active_support/tagged_logging.rb:28:in `tagged'
activesupport (5.2.2) lib/active_support/tagged_logging.rb:71:in `tagged'
railties (5.2.2) lib/rails/rack/logger.rb:26:in `call'
sprockets-rails (3.2.1) lib/sprockets/rails/quiet_assets.rb:13:in `call'
actionpack (5.2.2) lib/action_dispatch/middleware/remote_ip.rb:81:in `call'
actionpack (5.2.2) lib/action_dispatch/middleware/request_id.rb:27:in `call'
rack (2.0.6) lib/rack/method_override.rb:22:in `call'
rack (2.0.6) lib/rack/runtime.rb:22:in `call'
activesupport (5.2.2) lib/active_support/cache/strategy/local_cache_middleware.rb:29:in `call'
actionpack (5.2.2) lib/action_dispatch/middleware/executor.rb:14:in `call'
actionpack (5.2.2) lib/action_dispatch/middleware/static.rb:127:in `call'
rack (2.0.6) lib/rack/sendfile.rb:111:in `call'
webpacker (3.5.5) lib/webpacker/dev_server_proxy.rb:22:in `perform_request'
rack-proxy (0.6.5) lib/rack/proxy.rb:57:in `call'
railties (5.2.2) lib/rails/engine.rb:524:in `call'
puma (3.12.0) lib/puma/configuration.rb:225:in `call'
puma (3.12.0) lib/puma/server.rb:658:in `handle_request'
puma (3.12.0) lib/puma/server.rb:472:in `process_client'
puma (3.12.0) lib/puma/server.rb:332:in `block in run'
puma (3.12.0) lib/puma/thread_pool.rb:133:in `block in spawn_thread'
  [1m[35m (0.2ms)[0m  [1m[34mSELECT sqlite_version(*)[0m
  ↳ bin/rails:9
  [1m[35m (2.6ms)[0m  [1m[35mCREATE TABLE "schema_migrations" ("version" varchar NOT NULL PRIMARY KEY)[0m
  ↳ bin/rails:9
  [1m[35m (2.8ms)[0m  [1m[35mCREATE TABLE "ar_internal_metadata" ("key" varchar NOT NULL PRIMARY KEY, "value" varchar, "created_at" datetime NOT NULL, "updated_at" datetime NOT NULL)[0m
  ↳ bin/rails:9
  [1m[35m (0.2ms)[0m  [1m[34mSELECT "schema_migrations"."version" FROM "schema_migrations" ORDER BY "schema_migrations"."version" ASC[0m
  ↳ bin/rails:9
Migrating to DeviseCreateUsers (20190207230224)
  [1m[35m (0.1ms)[0m  [1m[36mbegin transaction[0m
  ↳ bin/rails:9
  [1m[35m (0.9ms)[0m  [1m[35mCREATE TABLE "users" ("id" integer PRIMARY KEY AUTOINCREMENT NOT NULL, "email" varchar DEFAULT '' NOT NULL, "encrypted_password" varchar DEFAULT '' NOT NULL, "reset_password_token" varchar, "reset_password_sent_at" datetime, "remember_created_at" datetime, "created_at" datetime NOT NULL, "updated_at" datetime NOT NULL)[0m
  ↳ db/migrate/20190207230224_devise_create_users.rb:5
  [1m[35m (0.2ms)[0m  [1m[35mCREATE UNIQUE INDEX "index_users_on_email" ON "users" ("email")[0m
  ↳ db/migrate/20190207230224_devise_create_users.rb:39
  [1m[35m (0.3ms)[0m  [1m[35mCREATE UNIQUE INDEX "index_users_on_reset_password_token" ON "users" ("reset_password_token")[0m
  ↳ db/migrate/20190207230224_devise_create_users.rb:40
  [1m[36mActiveRecord::SchemaMigration Create (0.9ms)[0m  [1m[32mINSERT INTO "schema_migrations" ("version") VALUES (?)[0m  [["version", "20190207230224"]]
  ↳ bin/rails:9
  [1m[35m (1.6ms)[0m  [1m[36mcommit transaction[0m
  ↳ bin/rails:9
  [1m[36mActiveRecord::InternalMetadata Load (0.4ms)[0m  [1m[34mSELECT  "ar_internal_metadata".* FROM "ar_internal_metadata" WHERE "ar_internal_metadata"."key" = ? LIMIT ?[0m  [["key", "environment"], ["LIMIT", 1]]
  ↳ bin/rails:9
  [1m[35m (0.1ms)[0m  [1m[36mbegin transaction[0m
  ↳ bin/rails:9
  [1m[36mActiveRecord::InternalMetadata Create (0.9ms)[0m  [1m[32mINSERT INTO "ar_internal_metadata" ("key", "value", "created_at", "updated_at") VALUES (?, ?, ?, ?)[0m  [["key", "environment"], ["value", "development"], ["created_at", "2019-02-07 23:06:08.771272"], ["updated_at", "2019-02-07 23:06:08.771272"]]
  ↳ bin/rails:9
  [1m[35m (1.3ms)[0m  [1m[36mcommit transaction[0m
  ↳ bin/rails:9
  [1m[35m (0.2ms)[0m  [1m[34mSELECT "schema_migrations"."version" FROM "schema_migrations" ORDER BY "schema_migrations"."version" ASC[0m
  ↳ bin/rails:9
Started GET "/protected" for 127.0.0.1 at 2019-02-07 15:06:31 -0800
  [1m[35m (0.4ms)[0m  [1m[34mSELECT "schema_migrations"."version" FROM "schema_migrations" ORDER BY "schema_migrations"."version" ASC[0m
  ↳ /Library/Ruby/Gems/2.3.0/gems/activerecord-5.2.2/lib/active_record/log_subscriber.rb:98
Processing by PagesController#protected as HTML
  Rendering pages/protected.html.erb within layouts/application
  Rendered pages/protected.html.erb within layouts/application (2.7ms)
Completed 200 OK in 3032ms (Views: 2969.5ms | ActiveRecord: 0.0ms)


Started GET "/unprotected" for 127.0.0.1 at 2019-02-07 15:06:42 -0800
Processing by PagesController#unprotected as HTML
  Rendering pages/unprotected.html.erb within layouts/application
  Rendered pages/unprotected.html.erb within layouts/application (1.4ms)
Completed 200 OK in 88ms (Views: 80.2ms | ActiveRecord: 0.0ms)


Started GET "/unprotected" for 127.0.0.1 at 2019-02-07 16:04:12 -0800
Processing by PagesController#protected as HTML
  Parameters: {"path"=>"unprotected"}
Completed 401 Unauthorized in 76ms (ActiveRecord: 0.0ms)


Started GET "/users/sign_in" for 127.0.0.1 at 2019-02-07 16:04:13 -0800
Processing by Devise::SessionsController#new as HTML
  Rendering /Library/Ruby/Gems/2.3.0/gems/devise-4.6.0/app/views/devise/sessions/new.html.erb within layouts/application
  Rendered /Library/Ruby/Gems/2.3.0/gems/devise-4.6.0/app/views/devise/shared/_links.html.erb (3.4ms)
  Rendered /Library/Ruby/Gems/2.3.0/gems/devise-4.6.0/app/views/devise/sessions/new.html.erb within layouts/application (47.8ms)
[Webpacker] Compiling…
[Webpacker] Compiled all packs in /Users/Ream/Desktop/apartment-app-goonies/apartment-app/public/packs
Completed 200 OK in 6621ms (Views: 6569.9ms | ActiveRecord: 3.3ms)


Started GET "/users/apartments" for 127.0.0.1 at 2019-02-07 16:04:27 -0800
Processing by PagesController#protected as HTML
  Parameters: {"path"=>"users/apartments"}
Completed 401 Unauthorized in 3ms (ActiveRecord: 0.0ms)


Started GET "/users/sign_in" for 127.0.0.1 at 2019-02-07 16:04:27 -0800
Processing by Devise::SessionsController#new as HTML
  Rendering /Library/Ruby/Gems/2.3.0/gems/devise-4.6.0/app/views/devise/sessions/new.html.erb within layouts/application
  Rendered /Library/Ruby/Gems/2.3.0/gems/devise-4.6.0/app/views/devise/shared/_links.html.erb (2.3ms)
  Rendered /Library/Ruby/Gems/2.3.0/gems/devise-4.6.0/app/views/devise/sessions/new.html.erb within layouts/application (18.2ms)
Completed 200 OK in 104ms (Views: 100.7ms | ActiveRecord: 0.0ms)


Started GET "/users/sign_up" for 127.0.0.1 at 2019-02-07 16:04:40 -0800
Processing by Devise::RegistrationsController#new as HTML
  Rendering /Library/Ruby/Gems/2.3.0/gems/devise-4.6.0/app/views/devise/registrations/new.html.erb within layouts/application
  Rendered /Library/Ruby/Gems/2.3.0/gems/devise-4.6.0/app/views/devise/shared/_error_messages.html.erb (1.6ms)
  Rendered /Library/Ruby/Gems/2.3.0/gems/devise-4.6.0/app/views/devise/shared/_links.html.erb (2.7ms)
  Rendered /Library/Ruby/Gems/2.3.0/gems/devise-4.6.0/app/views/devise/registrations/new.html.erb within layouts/application (24.1ms)
Completed 200 OK in 120ms (Views: 116.5ms | ActiveRecord: 0.0ms)


Started POST "/users" for 127.0.0.1 at 2019-02-07 16:04:50 -0800
Processing by Devise::RegistrationsController#create as HTML
  Parameters: {"utf8"=>"✓", "authenticity_token"=>"YYP+l4efHgeLW60IP1J1xAj8aT3yiaMt8RzsqA+pKjHwpynDGKc+V4sKy4gzNnpEFInFvL6ykO87mL/flSCcOg==", "user"=>{"email"=>"eream86@gmail.com", "password"=>"[FILTERED]", "password_confirmation"=>"[FILTERED]"}, "commit"=>"Sign up"}
  [1m[35m (0.2ms)[0m  [1m[36mbegin transaction[0m
  ↳ /Library/Ruby/Gems/2.3.0/gems/activerecord-5.2.2/lib/active_record/log_subscriber.rb:98
  [1m[36mUser Exists (1.1ms)[0m  [1m[34mSELECT  1 AS one FROM "users" WHERE "users"."email" = ? LIMIT ?[0m  [["email", "eream86@gmail.com"], ["LIMIT", 1]]
  ↳ /Library/Ruby/Gems/2.3.0/gems/activerecord-5.2.2/lib/active_record/log_subscriber.rb:98
  [1m[36mUser Create (1.8ms)[0m  [1m[32mINSERT INTO "users" ("email", "encrypted_password", "created_at", "updated_at") VALUES (?, ?, ?, ?)[0m  [["email", "eream86@gmail.com"], ["encrypted_password", "$2a$11$ERV1xmAS1/JqVxBqoCM9veAWWffxcvYVfueEOSq0XAO9Zdy3OYOy."], ["created_at", "2019-02-08 00:04:50.605984"], ["updated_at", "2019-02-08 00:04:50.605984"]]
  ↳ /Library/Ruby/Gems/2.3.0/gems/activerecord-5.2.2/lib/active_record/log_subscriber.rb:98
  [1m[35m (1.6ms)[0m  [1m[36mcommit transaction[0m
  ↳ /Library/Ruby/Gems/2.3.0/gems/activerecord-5.2.2/lib/active_record/log_subscriber.rb:98
Redirected to http://localhost:3000/users/apartments
Completed 302 Found in 285ms (ActiveRecord: 4.8ms)


Started GET "/users/apartments" for 127.0.0.1 at 2019-02-07 16:04:50 -0800
Processing by PagesController#protected as HTML
  Parameters: {"path"=>"users/apartments"}
  [1m[36mUser Load (0.8ms)[0m  [1m[34mSELECT  "users".* FROM "users" WHERE "users"."id" = ? ORDER BY "users"."id" ASC LIMIT ?[0m  [["id", 1], ["LIMIT", 1]]
  ↳ /Library/Ruby/Gems/2.3.0/gems/activerecord-5.2.2/lib/active_record/log_subscriber.rb:98
  Rendering pages/protected.html.erb within layouts/application
  Rendered pages/protected.html.erb within layouts/application (0.7ms)
Completed 200 OK in 109ms (Views: 86.0ms | ActiveRecord: 0.8ms)


Started GET "/users/new-apartments" for 127.0.0.1 at 2019-02-07 16:05:03 -0800
Processing by PagesController#protected as HTML
  Parameters: {"path"=>"users/new-apartments"}
  [1m[36mUser Load (1.4ms)[0m  [1m[34mSELECT  "users".* FROM "users" WHERE "users"."id" = ? ORDER BY "users"."id" ASC LIMIT ?[0m  [["id", 1], ["LIMIT", 1]]
  ↳ /Library/Ruby/Gems/2.3.0/gems/activerecord-5.2.2/lib/active_record/log_subscriber.rb:98
  Rendering pages/protected.html.erb within layouts/application
  Rendered pages/protected.html.erb within layouts/application (0.8ms)
Completed 200 OK in 83ms (Views: 70.5ms | ActiveRecord: 1.4ms)


Started GET "/users/new-apartment" for 127.0.0.1 at 2019-02-07 16:05:07 -0800
Processing by PagesController#protected as HTML
  Parameters: {"path"=>"users/new-apartment"}
  [1m[36mUser Load (0.8ms)[0m  [1m[34mSELECT  "users".* FROM "users" WHERE "users"."id" = ? ORDER BY "users"."id" ASC LIMIT ?[0m  [["id", 1], ["LIMIT", 1]]
  ↳ /Library/Ruby/Gems/2.3.0/gems/activerecord-5.2.2/lib/active_record/log_subscriber.rb:98
  Rendering pages/protected.html.erb within layouts/application
  Rendered pages/protected.html.erb within layouts/application (1.1ms)
Completed 200 OK in 52ms (Views: 41.3ms | ActiveRecord: 0.8ms)


Started GET "/users/new-apartment" for 127.0.0.1 at 2019-02-07 16:05:13 -0800
Processing by PagesController#protected as HTML
  Parameters: {"path"=>"users/new-apartment"}
  [1m[36mUser Load (0.6ms)[0m  [1m[34mSELECT  "users".* FROM "users" WHERE "users"."id" = ? ORDER BY "users"."id" ASC LIMIT ?[0m  [["id", 1], ["LIMIT", 1]]
  ↳ /Library/Ruby/Gems/2.3.0/gems/activerecord-5.2.2/lib/active_record/log_subscriber.rb:98
  Rendering pages/protected.html.erb within layouts/application
  Rendered pages/protected.html.erb within layouts/application (1.0ms)
Completed 200 OK in 72ms (Views: 62.9ms | ActiveRecord: 0.6ms)


Started GET "/users/new-apartment" for 127.0.0.1 at 2019-02-07 16:05:15 -0800
Processing by PagesController#protected as HTML
  Parameters: {"path"=>"users/new-apartment"}
  [1m[36mUser Load (0.3ms)[0m  [1m[34mSELECT  "users".* FROM "users" WHERE "users"."id" = ? ORDER BY "users"."id" ASC LIMIT ?[0m  [["id", 1], ["LIMIT", 1]]
  ↳ /Library/Ruby/Gems/2.3.0/gems/activerecord-5.2.2/lib/active_record/log_subscriber.rb:98
  Rendering pages/protected.html.erb within layouts/application
  Rendered pages/protected.html.erb within layouts/application (1.4ms)
Completed 200 OK in 48ms (Views: 40.2ms | ActiveRecord: 0.3ms)


Started GET "/users/" for 127.0.0.1 at 2019-02-07 16:05:23 -0800
Processing by PagesController#protected as HTML
  Parameters: {"path"=>"users"}
  [1m[36mUser Load (0.4ms)[0m  [1m[34mSELECT  "users".* FROM "users" WHERE "users"."id" = ? ORDER BY "users"."id" ASC LIMIT ?[0m  [["id", 1], ["LIMIT", 1]]
  ↳ /Library/Ruby/Gems/2.3.0/gems/activerecord-5.2.2/lib/active_record/log_subscriber.rb:98
  Rendering pages/protected.html.erb within layouts/application
  Rendered pages/protected.html.erb within layouts/application (1.1ms)
Completed 200 OK in 55ms (Views: 46.7ms | ActiveRecord: 0.4ms)


Started GET "/" for 127.0.0.1 at 2019-02-07 16:05:27 -0800
Processing by PagesController#unprotected as HTML
  Rendering pages/unprotected.html.erb within layouts/application
  Rendered pages/unprotected.html.erb within layouts/application (2.4ms)
Completed 200 OK in 81ms (Views: 73.0ms | ActiveRecord: 0.0ms)


Started GET "/" for 127.0.0.1 at 2019-02-07 16:05:33 -0800
Processing by PagesController#unprotected as HTML
  Rendering pages/unprotected.html.erb within layouts/application
  Rendered pages/unprotected.html.erb within layouts/application (0.7ms)
Completed 200 OK in 64ms (Views: 58.1ms | ActiveRecord: 0.0ms)


Started GET "/" for 127.0.0.1 at 2019-02-07 16:05:41 -0800
Processing by PagesController#unprotected as HTML
  Rendering pages/unprotected.html.erb within layouts/application
  Rendered pages/unprotected.html.erb within layouts/application (0.8ms)
Completed 200 OK in 88ms (Views: 81.8ms | ActiveRecord: 0.0ms)


Started GET "/" for 127.0.0.1 at 2019-02-07 16:06:03 -0800
Processing by PagesController#unprotected as HTML
  Rendering pages/unprotected.html.erb within layouts/application
  Rendered pages/unprotected.html.erb within layouts/application (1.7ms)
Completed 200 OK in 67ms (Views: 62.0ms | ActiveRecord: 0.0ms)


Started GET "/" for 127.0.0.1 at 2019-02-07 16:06:12 -0800
Processing by PagesController#unprotected as HTML
  Rendering pages/unprotected.html.erb within layouts/application
  Rendered pages/unprotected.html.erb within layouts/application (1.8ms)
Completed 200 OK in 75ms (Views: 66.9ms | ActiveRecord: 0.0ms)


Started GET "/" for 127.0.0.1 at 2019-02-07 16:06:17 -0800
Processing by PagesController#unprotected as HTML
  Rendering pages/unprotected.html.erb within layouts/application
  Rendered pages/unprotected.html.erb within layouts/application (3.7ms)
Completed 200 OK in 80ms (Views: 72.9ms | ActiveRecord: 0.0ms)


Started GET "/" for 127.0.0.1 at 2019-02-07 16:06:49 -0800
  [1m[35m (0.4ms)[0m  [1m[34mSELECT "schema_migrations"."version" FROM "schema_migrations" ORDER BY "schema_migrations"."version" ASC[0m
  ↳ /Library/Ruby/Gems/2.3.0/gems/activerecord-5.2.2/lib/active_record/log_subscriber.rb:98
Processing by PagesController#unprotected as HTML
  Rendering pages/unprotected.html.erb within layouts/application
  Rendered pages/unprotected.html.erb within layouts/application (3.5ms)
Completed 200 OK in 3580ms (Views: 3515.2ms | ActiveRecord: 0.0ms)


Started GET "/unprotected" for 127.0.0.1 at 2019-02-07 16:06:58 -0800
Processing by PagesController#protected as HTML
  Parameters: {"path"=>"unprotected"}
Completed 401 Unauthorized in 48ms (ActiveRecord: 0.0ms)


Started GET "/users/sign_in" for 127.0.0.1 at 2019-02-07 16:06:58 -0800
Processing by Devise::SessionsController#new as HTML
  Rendering /Library/Ruby/Gems/2.3.0/gems/devise-4.6.0/app/views/devise/sessions/new.html.erb within layouts/application
  Rendered /Library/Ruby/Gems/2.3.0/gems/devise-4.6.0/app/views/devise/shared/_links.html.erb (2.0ms)
  Rendered /Library/Ruby/Gems/2.3.0/gems/devise-4.6.0/app/views/devise/sessions/new.html.erb within layouts/application (29.3ms)
Completed 200 OK in 109ms (Views: 85.6ms | ActiveRecord: 1.4ms)


Started GET "/users/all-apartments" for 127.0.0.1 at 2019-02-07 16:13:57 -0800
Processing by PagesController#protected as HTML
  Parameters: {"path"=>"users/all-apartments"}
Completed 401 Unauthorized in 10ms (ActiveRecord: 0.0ms)


Started GET "/users/sign_in" for 127.0.0.1 at 2019-02-07 16:13:58 -0800
Processing by Devise::SessionsController#new as HTML
  Rendering /Library/Ruby/Gems/2.3.0/gems/devise-4.6.0/app/views/devise/sessions/new.html.erb within layouts/application
  Rendered /Library/Ruby/Gems/2.3.0/gems/devise-4.6.0/app/views/devise/shared/_links.html.erb (1.8ms)
  Rendered /Library/Ruby/Gems/2.3.0/gems/devise-4.6.0/app/views/devise/sessions/new.html.erb within layouts/application (13.5ms)
[Webpacker] Compiling…
[Webpacker] Compiled all packs in /Users/Ream/Desktop/apartment-app-goonies/apartment-app/public/packs
Completed 200 OK in 6264ms (Views: 6225.5ms | ActiveRecord: 1.7ms)


Started GET "/users/sign_up" for 127.0.0.1 at 2019-02-07 16:14:12 -0800
Processing by Devise::RegistrationsController#new as HTML
  Rendering /Library/Ruby/Gems/2.3.0/gems/devise-4.6.0/app/views/devise/registrations/new.html.erb within layouts/application
  Rendered /Library/Ruby/Gems/2.3.0/gems/devise-4.6.0/app/views/devise/shared/_error_messages.html.erb (1.0ms)
  Rendered /Library/Ruby/Gems/2.3.0/gems/devise-4.6.0/app/views/devise/shared/_links.html.erb (2.0ms)
  Rendered /Library/Ruby/Gems/2.3.0/gems/devise-4.6.0/app/views/devise/registrations/new.html.erb within layouts/application (18.5ms)
Completed 200 OK in 103ms (Views: 80.1ms | ActiveRecord: 0.0ms)


Started POST "/users" for 127.0.0.1 at 2019-02-07 16:14:21 -0800
Processing by Devise::RegistrationsController#create as HTML
  Parameters: {"utf8"=>"✓", "authenticity_token"=>"K/LRlDH367s9Cma+dG43hQmhjqOgKOY4ULmcHEQB46pjpOy37mic3CpXWMcuNFBaNz8aYSFhrk7w6TYay721sg==", "user"=>{"email"=>"eream86@gmail.com", "password"=>"[FILTERED]", "password_confirmation"=>"[FILTERED]"}, "commit"=>"Sign up"}
  [1m[35m (0.2ms)[0m  [1m[36mbegin transaction[0m
  ↳ /Library/Ruby/Gems/2.3.0/gems/activerecord-5.2.2/lib/active_record/log_subscriber.rb:98
  [1m[36mUser Exists (0.9ms)[0m  [1m[34mSELECT  1 AS one FROM "users" WHERE "users"."email" = ? LIMIT ?[0m  [["email", "eream86@gmail.com"], ["LIMIT", 1]]
  ↳ /Library/Ruby/Gems/2.3.0/gems/activerecord-5.2.2/lib/active_record/log_subscriber.rb:98
  [1m[35m (0.2ms)[0m  [1m[31mrollback transaction[0m
  ↳ /Library/Ruby/Gems/2.3.0/gems/activerecord-5.2.2/lib/active_record/log_subscriber.rb:98
  Rendering /Library/Ruby/Gems/2.3.0/gems/devise-4.6.0/app/views/devise/registrations/new.html.erb within layouts/application
  Rendered /Library/Ruby/Gems/2.3.0/gems/devise-4.6.0/app/views/devise/shared/_error_messages.html.erb (2.6ms)
  Rendered /Library/Ruby/Gems/2.3.0/gems/devise-4.6.0/app/views/devise/shared/_links.html.erb (2.4ms)
  Rendered /Library/Ruby/Gems/2.3.0/gems/devise-4.6.0/app/views/devise/registrations/new.html.erb within layouts/application (28.9ms)
Completed 200 OK in 377ms (Views: 115.4ms | ActiveRecord: 1.3ms)


Started POST "/users" for 127.0.0.1 at 2019-02-07 16:14:37 -0800
Processing by Devise::RegistrationsController#create as HTML
  Parameters: {"utf8"=>"✓", "authenticity_token"=>"gjT0FuXfldpJfiJec8y7RdAFvIr8t4K6+yYpB0Vv/D9TtPgmvkfCXMA2MWTmYYbONWyBRd1PVfvJ8r+B48c5GA==", "user"=>{"email"=>"eream87@gmail.com", "password"=>"[FILTERED]", "password_confirmation"=>"[FILTERED]"}, "commit"=>"Sign up"}
  [1m[35m (0.1ms)[0m  [1m[36mbegin transaction[0m
  ↳ /Library/Ruby/Gems/2.3.0/gems/activerecord-5.2.2/lib/active_record/log_subscriber.rb:98
  [1m[36mUser Exists (0.3ms)[0m  [1m[34mSELECT  1 AS one FROM "users" WHERE "users"."email" = ? LIMIT ?[0m  [["email", "eream87@gmail.com"], ["LIMIT", 1]]
  ↳ /Library/Ruby/Gems/2.3.0/gems/activerecord-5.2.2/lib/active_record/log_subscriber.rb:98
  [1m[36mUser Create (9.0ms)[0m  [1m[32mINSERT INTO "users" ("email", "encrypted_password", "created_at", "updated_at") VALUES (?, ?, ?, ?)[0m  [["email", "eream87@gmail.com"], ["encrypted_password", "$2a$11$oa3u4KEOFKd/NUa7wgkphOcxcNydw9aGGS1gcI14Fe2YXk8SyySzO"], ["created_at", "2019-02-08 00:14:37.782079"], ["updated_at", "2019-02-08 00:14:37.782079"]]
  ↳ /Library/Ruby/Gems/2.3.0/gems/activerecord-5.2.2/lib/active_record/log_subscriber.rb:98
  [1m[35m (1.4ms)[0m  [1m[36mcommit transaction[0m
  ↳ /Library/Ruby/Gems/2.3.0/gems/activerecord-5.2.2/lib/active_record/log_subscriber.rb:98
Redirected to http://localhost:3000/users/all-apartments
Completed 302 Found in 225ms (ActiveRecord: 10.8ms)


Started GET "/users/all-apartments" for 127.0.0.1 at 2019-02-07 16:14:37 -0800
Processing by PagesController#protected as HTML
  Parameters: {"path"=>"users/all-apartments"}
  [1m[36mUser Load (0.5ms)[0m  [1m[34mSELECT  "users".* FROM "users" WHERE "users"."id" = ? ORDER BY "users"."id" ASC LIMIT ?[0m  [["id", 2], ["LIMIT", 1]]
  ↳ /Library/Ruby/Gems/2.3.0/gems/activerecord-5.2.2/lib/active_record/log_subscriber.rb:98
  Rendering pages/protected.html.erb within layouts/application
  Rendered pages/protected.html.erb within layouts/application (1.3ms)
Completed 200 OK in 104ms (Views: 70.7ms | ActiveRecord: 0.5ms)


Started GET "/users/new-apartment" for 127.0.0.1 at 2019-02-07 16:14:50 -0800
Processing by PagesController#protected as HTML
  Parameters: {"path"=>"users/new-apartment"}
  [1m[36mUser Load (0.6ms)[0m  [1m[34mSELECT  "users".* FROM "users" WHERE "users"."id" = ? ORDER BY "users"."id" ASC LIMIT ?[0m  [["id", 2], ["LIMIT", 1]]
  ↳ /Library/Ruby/Gems/2.3.0/gems/activerecord-5.2.2/lib/active_record/log_subscriber.rb:98
  Rendering pages/protected.html.erb within layouts/application
  Rendered pages/protected.html.erb within layouts/application (0.9ms)
Completed 200 OK in 77ms (Views: 65.7ms | ActiveRecord: 0.6ms)


Started GET "/users/new-apartment" for 127.0.0.1 at 2019-02-08 09:22:18 -0800
Processing by PagesController#protected as HTML
  Parameters: {"path"=>"users/new-apartment"}
  [1m[36mUser Load (0.7ms)[0m  [1m[34mSELECT  "users".* FROM "users" WHERE "users"."id" = ? ORDER BY "users"."id" ASC LIMIT ?[0m  [["id", 2], ["LIMIT", 1]]
  ↳ /Library/Ruby/Gems/2.3.0/gems/activerecord-5.2.2/lib/active_record/log_subscriber.rb:98
  Rendering pages/protected.html.erb within layouts/application
  Rendered pages/protected.html.erb within layouts/application (22.6ms)
Completed 200 OK in 418ms (Views: 276.0ms | ActiveRecord: 3.5ms)


Started GET "/users/new-apartment" for 127.0.0.1 at 2019-02-08 09:30:25 -0800
Processing by PagesController#protected as HTML
  Parameters: {"path"=>"users/new-apartment"}
  [1m[36mUser Load (1.8ms)[0m  [1m[34mSELECT  "users".* FROM "users" WHERE "users"."id" = ? ORDER BY "users"."id" ASC LIMIT ?[0m  [["id", 2], ["LIMIT", 1]]
  ↳ /Library/Ruby/Gems/2.3.0/gems/activerecord-5.2.2/lib/active_record/log_subscriber.rb:98
  Rendering pages/protected.html.erb within layouts/application
  Rendered pages/protected.html.erb within layouts/application (14.1ms)
Completed 200 OK in 552ms (Views: 449.9ms | ActiveRecord: 6.7ms)


Started GET "/" for 127.0.0.1 at 2019-02-08 09:30:31 -0800
Processing by PagesController#unprotected as HTML
  Rendering pages/unprotected.html.erb within layouts/application
  Rendered pages/unprotected.html.erb within layouts/application (5.8ms)
Completed 200 OK in 118ms (Views: 107.2ms | ActiveRecord: 0.0ms)


Started GET "/protected" for 127.0.0.1 at 2019-02-08 09:30:39 -0800
Processing by PagesController#protected as HTML
  Parameters: {"path"=>"protected"}
  [1m[36mUser Load (1.2ms)[0m  [1m[34mSELECT  "users".* FROM "users" WHERE "users"."id" = ? ORDER BY "users"."id" ASC LIMIT ?[0m  [["id", 2], ["LIMIT", 1]]
  ↳ /Library/Ruby/Gems/2.3.0/gems/activerecord-5.2.2/lib/active_record/log_subscriber.rb:98
  Rendering pages/protected.html.erb within layouts/application
  Rendered pages/protected.html.erb within layouts/application (2.7ms)
Completed 200 OK in 134ms (Views: 120.2ms | ActiveRecord: 1.2ms)


Started GET "/unprotected" for 127.0.0.1 at 2019-02-08 09:30:46 -0800
Processing by PagesController#protected as HTML
  Parameters: {"path"=>"unprotected"}
  [1m[36mUser Load (0.6ms)[0m  [1m[34mSELECT  "users".* FROM "users" WHERE "users"."id" = ? ORDER BY "users"."id" ASC LIMIT ?[0m  [["id", 2], ["LIMIT", 1]]
  ↳ /Library/Ruby/Gems/2.3.0/gems/activerecord-5.2.2/lib/active_record/log_subscriber.rb:98
  Rendering pages/protected.html.erb within layouts/application
  Rendered pages/protected.html.erb within layouts/application (8.3ms)
Completed 200 OK in 129ms (Views: 113.8ms | ActiveRecord: 0.6ms)


Started GET "/users/" for 127.0.0.1 at 2019-02-08 09:30:52 -0800
Processing by PagesController#protected as HTML
  Parameters: {"path"=>"users"}
  [1m[36mUser Load (0.3ms)[0m  [1m[34mSELECT  "users".* FROM "users" WHERE "users"."id" = ? ORDER BY "users"."id" ASC LIMIT ?[0m  [["id", 2], ["LIMIT", 1]]
  ↳ /Library/Ruby/Gems/2.3.0/gems/activerecord-5.2.2/lib/active_record/log_subscriber.rb:98
  Rendering pages/protected.html.erb within layouts/application
  Rendered pages/protected.html.erb within layouts/application (1.3ms)
Completed 200 OK in 114ms (Views: 103.7ms | ActiveRecord: 0.3ms)


Started GET "/users/" for 127.0.0.1 at 2019-02-08 09:31:08 -0800
Processing by PagesController#protected as HTML
  Parameters: {"path"=>"users"}
Completed 401 Unauthorized in 1ms (ActiveRecord: 0.0ms)


Started GET "/users/sign_in" for 127.0.0.1 at 2019-02-08 09:31:08 -0800
Processing by Devise::SessionsController#new as HTML
  Rendering /Library/Ruby/Gems/2.3.0/gems/devise-4.6.0/app/views/devise/sessions/new.html.erb within layouts/application
  Rendered /Library/Ruby/Gems/2.3.0/gems/devise-4.6.0/app/views/devise/shared/_links.html.erb (2.9ms)
  Rendered /Library/Ruby/Gems/2.3.0/gems/devise-4.6.0/app/views/devise/sessions/new.html.erb within layouts/application (19.1ms)
Completed 200 OK in 101ms (Views: 96.5ms | ActiveRecord: 0.0ms)


Started POST "/users/sign_in" for 127.0.0.1 at 2019-02-08 09:31:24 -0800
Processing by Devise::SessionsController#create as HTML
  Parameters: {"utf8"=>"✓", "authenticity_token"=>"z3JZeh4goSk5zCnFipjV/r2nPvHRBPmvVmXac3NwHUNqTM5aT/w3U6ILSZO7WEreDIfmI9mofjnRoaCAzfGydw==", "user"=>{"email"=>"eream86@gmail.com", "password"=>"[FILTERED]", "remember_me"=>"0"}, "commit"=>"Log in"}
  [1m[36mUser Load (1.0ms)[0m  [1m[34mSELECT  "users".* FROM "users" WHERE "users"."email" = ? ORDER BY "users"."id" ASC LIMIT ?[0m  [["email", "eream86@gmail.com"], ["LIMIT", 1]]
  ↳ /Library/Ruby/Gems/2.3.0/gems/activerecord-5.2.2/lib/active_record/log_subscriber.rb:98
Redirected to http://localhost:3000/users
Completed 302 Found in 235ms (ActiveRecord: 1.0ms)


Started GET "/users" for 127.0.0.1 at 2019-02-08 09:31:24 -0800
Processing by PagesController#protected as HTML
  Parameters: {"path"=>"users"}
  [1m[36mUser Load (0.6ms)[0m  [1m[34mSELECT  "users".* FROM "users" WHERE "users"."id" = ? ORDER BY "users"."id" ASC LIMIT ?[0m  [["id", 1], ["LIMIT", 1]]
  ↳ /Library/Ruby/Gems/2.3.0/gems/activerecord-5.2.2/lib/active_record/log_subscriber.rb:98
  Rendering pages/protected.html.erb within layouts/application
  Rendered pages/protected.html.erb within layouts/application (0.8ms)
Completed 200 OK in 56ms (Views: 47.8ms | ActiveRecord: 0.6ms)


